2016/11/24 22:07:47 にビルドを開始しました。
     1>ノード 3 上のプロジェクト "C:\Users\hmlab2\RTM\kinect\furimuki\build\src\Furimuki.vcxproj" (Build ターゲット)。
     1>CustomBuild:
         Building Custom Rule C:/Users/hmlab2/RTM/kinect/furimuki/src/CMakeLists.txt
         CMake does not need to re-run because C:\Users\hmlab2\RTM\kinect\furimuki\build\src\CMakeFiles\generate.stamp is up-to-date.
       ClCompile:
         C:\Program Files (x86)\Microsoft Visual Studio 12.0\VC\bin\x86_amd64\CL.exe /c /IC:\Users\hmlab2\RTM\kinect\furimuki\include /IC:\Users\hmlab2\RTM\kinect\furimuki\include\Furimuki /IC:\Users\hmlab2\RTM\kinect\furimuki\build /IC:\Users\hmlab2\RTM\kinect\furimuki\build\idl /I"C:\Program Files\OpenRTM-aist\1.1.2" /I"C:\Program Files\OpenRTM-aist\1.1.2\rtm\idl" /I"C:\Program Files\OpenRTM-aist\1.1.2\rtm\ext" /I"C:\Program Files\OpenRTM-aist\1.1.2\omniORB\4.2.1_vc12\include" /Zi /nologo /W3 /WX- /Od /Ob0 /D WIN32 /D _WINDOWS /D _DEBUG /D __WIN32__ /D __x86__ /D __NT__ /D __OSVERSION__=4 /D _CRT_SECURE_NO_DEPRECATE /D INCLUDE_stub_in_nt_dll /D RTC_CORBA_CXXMAPPING11 /D _WIN32_WINNT=0x0500 /D "CMAKE_INTDIR=\"Debug\"" /D Furimuki_EXPORTS /D _WINDLL /D _MBCS /Gm- /EHsc /RTC1 /MDd /GS /fp:precise /Zc:wchar_t /Zc:forScope /GR /Fo"Furimuki.dir\Debug\\" /Fd"Furimuki.dir\Debug\vc120.pdb" /Gd /TP /errorReport:prompt C:\Users\hmlab2\RTM\kinect\furimuki\src\Furimuki.cpp
         Furimuki.cpp
     1>C:\Program Files\OpenRTM-aist\1.1.2\rtm/InPortBase.h(599): warning C4290: C++ の例外の指定は無視されます。関数が __declspec(nothrow) でないことのみ表示されます。
     1>C:\Program Files\OpenRTM-aist\1.1.2\coil/Factory.h(424): warning C4251: 'coil::Factory<AbstractClass,Identifier,Compare,Creator,Destructor>::m_creators' : class 'std::map<Identifier,coil::Factory<AbstractClass,Identifier,Compare,Creator,Destructor>::FactoryEntry,std::less<_Kty>,std::allocator<std::pair<const _Kty,_Ty>>>' は __export キーワードを使って class 'coil::Factory<AbstractClass,Identifier,Compare,Creator,Destructor>' にエクスポートしてください。
                 with
                 [
                     AbstractClass=RTC::InPortConsumer
         ,            Identifier=std::string
         ,            Compare=std::less<std::string>
         ,            Creator=RTC::InPortConsumer *(__cdecl *)(void)
         ,            Destructor=void (__cdecl *)(RTC::InPortConsumer *&)
                 ]
                 and
                 [
                     Identifier=std::string
         ,            AbstractClass=RTC::InPortConsumer
         ,            Compare=std::less<std::string>
         ,            Creator=RTC::InPortConsumer *(__cdecl *)(void)
         ,            Destructor=void (__cdecl *)(RTC::InPortConsumer *&)
         ,            _Kty=std::string
         ,            _Ty=coil::Factory<RTC::InPortConsumer,std::string,std::less<std::string>,RTC::InPortConsumer *(__cdecl *)(void),void (__cdecl *)(RTC::InPortConsumer *&)>::FactoryEntry
                 ]
                 and
                 [
                     AbstractClass=RTC::InPortConsumer
         ,            Identifier=std::string
         ,            Compare=std::less<std::string>
         ,            Creator=RTC::InPortConsumer *(__cdecl *)(void)
         ,            Destructor=void (__cdecl *)(RTC::InPortConsumer *&)
                 ]
                 C:\Program Files\OpenRTM-aist\1.1.2\rtm/InPortConsumer.h(258) : コンパイルされたクラスの テンプレート のインスタンス化 'coil::GlobalFactory<RTC::InPortConsumer,std::string,std::less<_Kty>,AbstractClass *(__cdecl *)(void),void (__cdecl *)(AbstractClass *&)>' の参照を確認してください
                 with
                 [
                     _Kty=std::string
         ,            AbstractClass=RTC::InPortConsumer
                 ]
     1>C:\Program Files\OpenRTM-aist\1.1.2\coil/Factory.h(424): warning C4251: 'coil::Factory<AbstractClass,Identifier,Compare,Creator,Destructor>::m_creators' : class 'std::map<Identifier,coil::Factory<AbstractClass,Identifier,Compare,Creator,Destructor>::FactoryEntry,std::less<_Kty>,std::allocator<std::pair<const _Kty,_Ty>>>' は __export キーワードを使って class 'coil::Factory<AbstractClass,Identifier,Compare,Creator,Destructor>' にエクスポートしてください。
                 with
                 [
                     AbstractClass=RTC::OutPortProvider
         ,            Identifier=std::string
         ,            Compare=std::less<std::string>
         ,            Creator=RTC::OutPortProvider *(__cdecl *)(void)
         ,            Destructor=void (__cdecl *)(RTC::OutPortProvider *&)
                 ]
                 and
                 [
                     Identifier=std::string
         ,            AbstractClass=RTC::OutPortProvider
         ,            Compare=std::less<std::string>
         ,            Creator=RTC::OutPortProvider *(__cdecl *)(void)
         ,            Destructor=void (__cdecl *)(RTC::OutPortProvider *&)
         ,            _Kty=std::string
         ,            _Ty=coil::Factory<RTC::OutPortProvider,std::string,std::less<std::string>,RTC::OutPortProvider *(__cdecl *)(void),void (__cdecl *)(RTC::OutPortProvider *&)>::FactoryEntry
                 ]
                 and
                 [
                     AbstractClass=RTC::OutPortProvider
         ,            Identifier=std::string
         ,            Compare=std::less<std::string>
         ,            Creator=RTC::OutPortProvider *(__cdecl *)(void)
         ,            Destructor=void (__cdecl *)(RTC::OutPortProvider *&)
                 ]
                 C:\Program Files\OpenRTM-aist\1.1.2\rtm/OutPortProvider.h(551) : コンパイルされたクラスの テンプレート のインスタンス化 'coil::GlobalFactory<RTC::OutPortProvider,std::string,std::less<_Kty>,AbstractClass *(__cdecl *)(void),void (__cdecl *)(AbstractClass *&)>' の参照を確認してください
                 with
                 [
                     _Kty=std::string
         ,            AbstractClass=RTC::OutPortProvider
                 ]
     1>C:\Program Files\OpenRTM-aist\1.1.2\rtm/OutPortBase.h(777): warning C4290: C++ の例外の指定は無視されます。関数が __declspec(nothrow) でないことのみ表示されます。
     1>C:\Program Files\OpenRTM-aist\1.1.2\coil/OS.h(92): warning C4996: 'GetVersionExA': が古い形式として宣言されました。
                 C:\Program Files (x86)\Windows Kits\8.1\Include\um\sysinfoapi.h(433) : 'GetVersionExA' の宣言を確認してください。
     1>C:\Program Files\OpenRTM-aist\1.1.2\coil/Logger.h(229): warning C4267: '初期化中' : 'size_t' から 'int' に変換しました。データが失われているかもしれません。
                 C:\Program Files\OpenRTM-aist\1.1.2\coil/Logger.h(227): クラス テンプレート のメンバー関数 'std::streamsize coil::log_streambuf<char,std::char_traits<char>>::xsputn(const char *,std::streamsize)' のコンパイル中
                 C:\Program Files\OpenRTM-aist\1.1.2\rtm/Manager.h(1645) : コンパイルされたクラスの テンプレート のインスタンス化 'coil::log_streambuf<char,std::char_traits<char>>' の参照を確認してください
     1>C:\Program Files\OpenRTM-aist\1.1.2\coil/Logger.h(255): warning C4244: '=' : '__int64' から 'int' への変換です。データが失われる可能性があります。
                 C:\Program Files\OpenRTM-aist\1.1.2\coil/Logger.h(253): クラス テンプレート のメンバー関数 'std::streamsize coil::log_streambuf<char,std::char_traits<char>>::stream_sputn(void)' のコンパイル中
                 C:\Program Files\OpenRTM-aist\1.1.2\coil/Logger.h(228) : コンパイルされたクラスの テンプレート のインスタンス化 'std::streamsize coil::log_streambuf<char,std::char_traits<char>>::stream_sputn(void)' の参照を確認してください
     1>C:\Program Files\OpenRTM-aist\1.1.2\coil/Logger.h(258): warning C4267: '初期化中' : 'size_t' から 'int' に変換しました。データが失われているかもしれません。
     1>C:\Program Files\OpenRTM-aist\1.1.2\coil/Logger.h(266): warning C4244: '引数' : '__int64' から 'int' への変換です。データが失われる可能性があります。
     1>C:\Program Files\OpenRTM-aist\1.1.2\coil/Logger.h(267): warning C4244: '引数' : '__int64' から 'int' への変換です。データが失われる可能性があります。
     1>C:\Program Files\OpenRTM-aist\1.1.2\coil/Logger.h(296): warning C4267: '初期化中' : 'size_t' から 'int' に変換しました。データが失われているかもしれません。
                 C:\Program Files\OpenRTM-aist\1.1.2\coil/Logger.h(294): クラス テンプレート のメンバー関数 'std::streamsize coil::log_streambuf<char,std::char_traits<char>>::stream_sputn(const char *,std::streamsize)' のコンパイル中
     1>C:\Program Files\OpenRTM-aist\1.1.2\coil/Logger.h(346): warning C4244: '初期化中' : '__int64' から 'int' への変換です。データが失われる可能性があります。
                 C:\Program Files\OpenRTM-aist\1.1.2\coil/Logger.h(323): クラス テンプレート のメンバー関数 'int coil::log_streambuf<char,std::char_traits<char>>::overflow(int)' のコンパイル中
     1>C:\Program Files\OpenRTM-aist\1.1.2\coil/Logger.h(353): warning C4244: '引数' : '__int64' から 'int' への変換です。データが失われる可能性があります。
     1>C:\Program Files\OpenRTM-aist\1.1.2\coil/Logger.h(354): warning C4244: '引数' : '__int64' から 'int' への変換です。データが失われる可能性があります。
     1>C:\Program Files\OpenRTM-aist\1.1.2\coil/Logger.h(398): warning C4244: '=' : '__int64' から 'int' への変換です。データが失われる可能性があります。
                 C:\Program Files\OpenRTM-aist\1.1.2\coil/Logger.h(390): クラス テンプレート のメンバー関数 'int coil::log_streambuf<char,std::char_traits<char>>::sync(void)' のコンパイル中
     1>C:\Program Files\OpenRTM-aist\1.1.2\coil/Logger.h(408): warning C4244: '引数' : '__int64' から 'int' への変換です。データが失われる可能性があります。
     1>C:\Program Files\OpenRTM-aist\1.1.2\coil/Logger.h(409): warning C4244: '引数' : '__int64' から 'int' への変換です。データが失われる可能性があります。
     1>C:\Program Files\OpenRTM-aist\1.1.2\rtm/InPort.h(241): warning C4267: '=' : 'size_t' から 'int' に変換しました。データが失われているかもしれません。
                 C:\Program Files\OpenRTM-aist\1.1.2\rtm/InPort.h(227): クラス テンプレート のメンバー関数 'bool RTC::InPort<RTC::TimedDouble>::isNew(void)' のコンパイル中
                 C:\Users\hmlab2\RTM\kinect\furimuki\src\Furimuki.cpp(101) : コンパイルされたクラスの テンプレート のインスタンス化 'bool RTC::InPort<RTC::TimedDouble>::isNew(void)' の参照を確認してください
                 C:\Users\hmlab2\RTM\kinect\furimuki\include\Furimuki\Furimuki.h(239) : コンパイルされたクラスの テンプレート のインスタンス化 'RTC::InPort<RTC::TimedDouble>' の参照を確認してください
     1>C:\Program Files\OpenRTM-aist\1.1.2\rtm/InPort.h(292): warning C4267: '=' : 'size_t' から 'int' に変換しました。データが失われているかもしれません。
                 C:\Program Files\OpenRTM-aist\1.1.2\rtm/InPort.h(278): クラス テンプレート のメンバー関数 'bool RTC::InPort<RTC::TimedDouble>::isEmpty(void)' のコンパイル中
       Link:
         C:\Program Files (x86)\Microsoft Visual Studio 12.0\VC\bin\x86_amd64\link.exe /ERRORREPORT:PROMPT /OUT:"C:\Users\hmlab2\RTM\kinect\furimuki\build\src\Debug\Furimuki.dll" /INCREMENTAL /NOLOGO /LIBPATH:"C:/Program Files/OpenRTM-aist/1.1.2/bin/vc12" /LIBPATH:"C:/Program Files/OpenRTM-aist/1.1.2/bin/vc12/Debug" /LIBPATH:"C:/Program Files/OpenRTM-aist/1.1.2/omniORB/4.2.1_vc12/lib/x86_win32" /LIBPATH:"C:/Program Files/OpenRTM-aist/1.1.2/omniORB/4.2.1_vc12/lib/x86_win32/Debug" kernel32.lib user32.lib gdi32.lib winspool.lib shell32.lib ole32.lib oleaut32.lib uuid.lib comdlg32.lib advapi32.lib RTC112_vc12_x64d.lib coil112_vc12_x64d.lib omniORB421_rtd.lib omniDynamic421_rtd.lib omnithread40_rtd.lib advapi32.lib ws2_32.lib mswsock.lib /MANIFEST /MANIFESTUAC:"level='asInvoker' uiAccess='false'" /manifest:embed /DEBUG /PDB:"C:/Users/hmlab2/RTM/kinect/furimuki/build/src/Debug/Furimuki.pdb" /SUBSYSTEM:CONSOLE /TLBID:1 /DYNAMICBASE /NXCOMPAT /IMPLIB:"C:/Users/hmlab2/RTM/kinect/furimuki/build/src/Debug/Furimuki.lib" /MACHINE:X64  /machine:x64 /DLL Furimuki.dir\Debug\Furimuki.obj
            ライブラリ C:/Users/hmlab2/RTM/kinect/furimuki/build/src/Debug/Furimuki.lib とオブジェクト C:/Users/hmlab2/RTM/kinect/furimuki/build/src/Debug/Furimuki.exp を作成中
         Furimuki.vcxproj -> C:\Users\hmlab2\RTM\kinect\furimuki\build\src\Debug\Furimuki.dll
     1>プロジェクト "C:\Users\hmlab2\RTM\kinect\furimuki\build\src\Furimuki.vcxproj" (Build ターゲット) のビルドが完了しました。

ビルドに成功しました。

経過時間 00:00:07.40
